# JRE version: Java(TM) SE Runtime Environment (9.0+11) (build 9.0.4+11)
# Java VM: Java HotSpot(TM) 64-Bit Server VM (9.0.4+11, mixed mode, tiered, compressed oops, g1 gc, windows-amd64)
Heap:
 garbage-first heap   total 219136K, used 111849K [0x0000000700000000, 0x00000007001006b0, 0x00000007c0000000)
  region size 1024K, 42 young (43008K), 5 survivors (5120K)
 Metaspace       used 80195K, capacity 85763K, committed 85936K, reserved 1122304K
  class space    used 11173K, capacity 12172K, committed 12208K, reserved 1048576K
GC Heap History (10 events):
Event: 105.285 GC heap before
{Heap before GC invocations=67 (full 15):
 garbage-first heap   total 219136K, used 132704K [0x0000000700000000, 0x00000007001006b0, 0x00000007c0000000)
  region size 1024K, 60 young (61440K), 4 survivors (4096K)
 Metaspace       used 79150K, capacity 84677K, committed 84784K, reserved 1122304K
  class space    used 11101K, capacity 12071K, committed 12080K, reserved 1048576K
}
Event: 105.290 GC heap after
{Heap after GC invocations=68 (full 15):
 garbage-first heap   total 219136K, used 74271K [0x0000000700000000, 0x00000007001006b0, 0x00000007c0000000)
  region size 1024K, 4 young (4096K), 4 survivors (4096K)
 Metaspace       used 79150K, capacity 84677K, committed 84784K, reserved 1122304K
  class space    used 11101K, capacity 12071K, committed 12080K, reserved 1048576K
}
Event: 124.911 GC heap before
{Heap before GC invocations=68 (full 15):
 garbage-first heap   total 219136K, used 131615K [0x0000000700000000, 0x00000007001006b0, 0x00000007c0000000)
  region size 1024K, 60 young (61440K), 4 survivors (4096K)
 Metaspace       used 79329K, capacity 84881K, committed 85040K, reserved 1122304K
  class space    used 11102K, capacity 12073K, committed 12080K, reserved 1048576K
}
Event: 124.916 GC heap after
{Heap after GC invocations=69 (full 15):
 garbage-first heap   total 219136K, used 74357K [0x0000000700000000, 0x00000007001006b0, 0x00000007c0000000)
  region size 1024K, 4 young (4096K), 4 survivors (4096K)
 Metaspace       used 79329K, capacity 84881K, committed 85040K, reserved 1122304K
  class space    used 11102K, capacity 12073K, committed 12080K, reserved 1048576K
}
Event: 129.667 GC heap before
{Heap before GC invocations=69 (full 15):
 garbage-first heap   total 219136K, used 131701K [0x0000000700000000, 0x00000007001006b0, 0x00000007c0000000)
  region size 1024K, 60 young (61440K), 4 survivors (4096K)
 Metaspace       used 79427K, capacity 84951K, committed 85040K, reserved 1122304K
  class space    used 11102K, capacity 12074K, committed 12080K, reserved 1048576K
}
Event: 129.672 GC heap after
{Heap after GC invocations=70 (full 15):
 garbage-first heap   total 219136K, used 74810K [0x0000000700000000, 0x00000007001006b0, 0x00000007c0000000)
  region size 1024K, 5 young (5120K), 5 survivors (5120K)
 Metaspace       used 79427K, capacity 84951K, committed 85040K, reserved 1122304K
  class space    used 11102K, capacity 12074K, committed 12080K, reserved 1048576K
}
Event: 142.896 GC heap before
{Heap before GC invocations=70 (full 15):
 garbage-first heap   total 219136K, used 131130K [0x0000000700000000, 0x00000007001006b0, 0x00000007c0000000)
  region size 1024K, 60 young (61440K), 5 survivors (5120K)
 Metaspace       used 79540K, capacity 85079K, committed 85296K, reserved 1122304K
  class space    used 11105K, capacity 12074K, committed 12080K, reserved 1048576K
}
Event: 142.902 GC heap after
{Heap after GC invocations=71 (full 15):
 garbage-first heap   total 219136K, used 74786K [0x0000000700000000, 0x00000007001006b0, 0x00000007c0000000)
  region size 1024K, 5 young (5120K), 5 survivors (5120K)
 Metaspace       used 79540K, capacity 85079K, committed 85296K, reserved 1122304K
  class space    used 11105K, capacity 12074K, committed 12080K, reserved 1048576K
}
Event: 214.880 GC heap before
{Heap before GC invocations=71 (full 15):
 garbage-first heap   total 219136K, used 131106K [0x0000000700000000, 0x00000007001006b0, 0x00000007c0000000)
  region size 1024K, 60 young (61440K), 5 survivors (5120K)
 Metaspace       used 79921K, capacity 85469K, committed 85680K, reserved 1122304K
  class space    used 11147K, capacity 12139K, committed 12208K, reserved 1048576K
}
Event: 214.885 GC heap after
{Heap after GC invocations=72 (full 15):
 garbage-first heap   total 219136K, used 74985K [0x0000000700000000, 0x00000007001006b0, 0x00000007c0000000)
  region size 1024K, 5 young (5120K), 5 survivors (5120K)
 Metaspace       used 79921K, capacity 85469K, committed 85680K, reserved 1122304K
  class space    used 11147K, capacity 12139K, committed 12208K, reserved 1048576K
}

